[framework] 2016-04-12 12:29:55,012 - com.easemob.server.comm.ClientContext -0    [main] DEBUG com.easemob.server.comm.ClientContext  - protocal: https
[framework] 2016-04-12 12:29:55,014 - com.easemob.server.comm.ClientContext -2    [main] DEBUG com.easemob.server.comm.ClientContext  - host: a1.easemob.com
[framework] 2016-04-12 12:29:55,015 - com.easemob.server.comm.ClientContext -3    [main] DEBUG com.easemob.server.comm.ClientContext  - org: xlab
[framework] 2016-04-12 12:29:55,015 - com.easemob.server.comm.ClientContext -3    [main] DEBUG com.easemob.server.comm.ClientContext  - app: xincheng
[framework] 2016-04-12 12:29:55,015 - com.easemob.server.comm.ClientContext -3    [main] DEBUG com.easemob.server.comm.ClientContext  - clientId: YXA6Iy5XYPI7EeWjm6d4WuTxPQ
[framework] 2016-04-12 12:29:55,015 - com.easemob.server.comm.ClientContext -3    [main] DEBUG com.easemob.server.comm.ClientContext  - clientSecret: YXA6-uqZZWYCO0MDSNt-3ZKr3WwTmh4
[framework] 2016-04-12 12:29:55,015 - com.easemob.server.comm.ClientContext -3    [main] DEBUG com.easemob.server.comm.ClientContext  - impLib: jersey
[framework] 2016-04-12 12:29:55,036 - com.easemob.server.comm.EasemobRestAPIFactory -24   [main] ERROR com.easemob.server.comm.EasemobRestAPIFactory  - Generating service instance EasemobIMUsers failed.
java.lang.ClassNotFoundException: com.easemob.server.example.api.impl.EasemobIMUsers
	at java.net.URLClassLoader.findClass(URLClassLoader.java:381)
	at java.lang.ClassLoader.loadClass(ClassLoader.java:424)
	at sun.misc.Launcher$AppClassLoader.loadClass(Launcher.java:331)
	at java.lang.ClassLoader.loadClass(ClassLoader.java:357)
	at java.lang.Class.forName0(Native Method)
	at java.lang.Class.forName(Class.java:264)
	at com.easemob.server.comm.EasemobRestAPIFactory.getClassInstance(EasemobRestAPIFactory.java:84)
	at com.easemob.server.comm.EasemobRestAPIFactory.newInstance(EasemobRestAPIFactory.java:76)
	at com.easemob.server.Main.main(Main.java:14)
	at sun.reflect.NativeMethodAccessorImpl.invoke0(Native Method)
	at sun.reflect.NativeMethodAccessorImpl.invoke(NativeMethodAccessorImpl.java:62)
	at sun.reflect.DelegatingMethodAccessorImpl.invoke(DelegatingMethodAccessorImpl.java:43)
	at java.lang.reflect.Method.invoke(Method.java:497)
	at com.intellij.rt.execution.application.AppMain.main(AppMain.java:144)
[framework] 2016-04-12 12:30:10,894 - com.easemob.server.comm.ClientContext -0    [main] DEBUG com.easemob.server.comm.ClientContext  - protocal: https
[framework] 2016-04-12 12:30:10,896 - com.easemob.server.comm.ClientContext -2    [main] DEBUG com.easemob.server.comm.ClientContext  - host: a1.easemob.com
[framework] 2016-04-12 12:30:10,896 - com.easemob.server.comm.ClientContext -2    [main] DEBUG com.easemob.server.comm.ClientContext  - org: xlab
[framework] 2016-04-12 12:30:10,896 - com.easemob.server.comm.ClientContext -2    [main] DEBUG com.easemob.server.comm.ClientContext  - app: xincheng
[framework] 2016-04-12 12:30:10,896 - com.easemob.server.comm.ClientContext -2    [main] DEBUG com.easemob.server.comm.ClientContext  - clientId: YXA6Iy5XYPI7EeWjm6d4WuTxPQ
[framework] 2016-04-12 12:30:10,896 - com.easemob.server.comm.ClientContext -2    [main] DEBUG com.easemob.server.comm.ClientContext  - clientSecret: YXA6-uqZZWYCO0MDSNt-3ZKr3WwTmh4
[framework] 2016-04-12 12:30:10,897 - com.easemob.server.comm.ClientContext -3    [main] DEBUG com.easemob.server.comm.ClientContext  - impLib: jersey
[framework] 2016-04-12 12:30:10,992 - com.easemob.server.comm.invoker.JerseyRestAPIInvoker -98   [main] DEBUG com.easemob.server.comm.invoker.JerseyRestAPIInvoker  - =============Request=============
[framework] 2016-04-12 12:30:10,992 - com.easemob.server.comm.invoker.JerseyRestAPIInvoker -98   [main] DEBUG com.easemob.server.comm.invoker.JerseyRestAPIInvoker  - Method: POST
[framework] 2016-04-12 12:30:10,994 - com.easemob.server.comm.invoker.JerseyRestAPIInvoker -100  [main] DEBUG com.easemob.server.comm.invoker.JerseyRestAPIInvoker  - URL: https://a1.easemob.com/xlab/xincheng/token
[framework] 2016-04-12 12:30:10,994 - com.easemob.server.comm.invoker.JerseyRestAPIInvoker -100  [main] DEBUG com.easemob.server.comm.invoker.JerseyRestAPIInvoker  - Header: [Content-Type:application/json] 
[framework] 2016-04-12 12:30:10,997 - com.easemob.server.comm.invoker.JerseyRestAPIInvoker -103  [main] DEBUG com.easemob.server.comm.invoker.JerseyRestAPIInvoker  - Body: {"grant_type":"client_credentials","client_id":"YXA6Iy5XYPI7EeWjm6d4WuTxPQ","client_secret":"YXA6-uqZZWYCO0MDSNt-3ZKr3WwTmh4"}
[framework] 2016-04-12 12:30:10,997 - com.easemob.server.comm.invoker.JerseyRestAPIInvoker -103  [main] DEBUG com.easemob.server.comm.invoker.JerseyRestAPIInvoker  - Query: null
[framework] 2016-04-12 12:30:10,998 - com.easemob.server.comm.invoker.JerseyRestAPIInvoker -104  [main] DEBUG com.easemob.server.comm.invoker.JerseyRestAPIInvoker  - ===========Request End===========
[framework] 2016-04-12 12:30:13,503 - com.easemob.server.comm.invoker.JerseyRestAPIInvoker -2609 [main] DEBUG com.easemob.server.comm.invoker.JerseyRestAPIInvoker  - =============Response=============
[framework] 2016-04-12 12:30:13,533 - com.easemob.server.comm.invoker.JerseyRestAPIInvoker -2639 [main] DEBUG com.easemob.server.comm.invoker.JerseyRestAPIInvoker  - Status: 200
Response Body: {"access_token":"YWMt3bDMKgABEea4sz1j9ejWvgAAAVU7IQyBC8B8q8-X3QHVWMh77PPz99W9eLc","expires_in":5184000,"application":"232e5760-f23b-11e5-a39b-a7785ae4f13d"}
[framework] 2016-04-12 12:30:13,533 - com.easemob.server.comm.invoker.JerseyRestAPIInvoker -2639 [main] DEBUG com.easemob.server.comm.invoker.JerseyRestAPIInvoker  - ===========Response End===========
[framework] 2016-04-12 12:30:13,534 - com.easemob.server.comm.TokenGenerator -2640 [main] DEBUG com.easemob.server.comm.TokenGenerator  - New token: YWMt3bDMKgABEea4sz1j9ejWvgAAAVU7IQyBC8B8q8-X3QHVWMh77PPz99W9eLc
[framework] 2016-04-12 12:30:13,534 - com.easemob.server.comm.TokenGenerator -2640 [main] DEBUG com.easemob.server.comm.TokenGenerator  - New token expires: 5184000000
[framework] 2016-04-12 12:30:13,535 - com.easemob.server.comm.TokenGenerator -2641 [main] INFO  com.easemob.server.comm.TokenGenerator  - Token has been refreshed with YWMt3bDMKgABEea4sz1j9ejWvgAAAVU7IQyBC8B8q8-X3QHVWMh77PPz99W9eLc and will be expired at 1465619413534.
[framework] 2016-04-12 12:30:13,535 - com.easemob.server.comm.invoker.JerseyRestAPIInvoker -2641 [main] DEBUG com.easemob.server.comm.invoker.JerseyRestAPIInvoker  - =============Request=============
[framework] 2016-04-12 12:30:13,535 - com.easemob.server.comm.invoker.JerseyRestAPIInvoker -2641 [main] DEBUG com.easemob.server.comm.invoker.JerseyRestAPIInvoker  - Method: POST
[framework] 2016-04-12 12:30:13,536 - com.easemob.server.comm.invoker.JerseyRestAPIInvoker -2642 [main] DEBUG com.easemob.server.comm.invoker.JerseyRestAPIInvoker  - URL: https://a1.easemob.com/xlab/xincheng/users
[framework] 2016-04-12 12:30:13,536 - com.easemob.server.comm.invoker.JerseyRestAPIInvoker -2642 [main] DEBUG com.easemob.server.comm.invoker.JerseyRestAPIInvoker  - Header: [Content-Type:application/json] [Authorization:Bearer YWMt3bDMKgABEea4sz1j9ejWvgAAAVU7IQyBC8B8q8-X3QHVWMh77PPz99W9eLc] 
[framework] 2016-04-12 12:30:13,536 - com.easemob.server.comm.invoker.JerseyRestAPIInvoker -2642 [main] DEBUG com.easemob.server.comm.invoker.JerseyRestAPIInvoker  - Body: {"username":"User102","password":"123456","nickname":"HelloWorld"}
[framework] 2016-04-12 12:30:13,536 - com.easemob.server.comm.invoker.JerseyRestAPIInvoker -2642 [main] DEBUG com.easemob.server.comm.invoker.JerseyRestAPIInvoker  - Query: null
[framework] 2016-04-12 12:30:13,536 - com.easemob.server.comm.invoker.JerseyRestAPIInvoker -2642 [main] DEBUG com.easemob.server.comm.invoker.JerseyRestAPIInvoker  - ===========Request End===========
[framework] 2016-04-12 12:30:13,806 - com.easemob.server.comm.invoker.JerseyRestAPIInvoker -2912 [main] DEBUG com.easemob.server.comm.invoker.JerseyRestAPIInvoker  - =============Response=============
[framework] 2016-04-12 12:30:13,810 - com.easemob.server.comm.invoker.JerseyRestAPIInvoker -2916 [main] DEBUG com.easemob.server.comm.invoker.JerseyRestAPIInvoker  - Status: 200
Response Body: {"action":"post","application":"232e5760-f23b-11e5-a39b-a7785ae4f13d","path":"/users","uri":"https://a1.easemob.com/xlab/xincheng/users","entities":[{"uuid":"3ff23c1a-0067-11e6-b2a1-91fffa1514a2","type":"user","created":1460435413585,"modified":1460435413585,"username":"User102","activated":true,"nickname":"HelloWorld"}],"timestamp":1460435413583,"duration":35,"organization":"xlab","applicationName":"xincheng"}
[framework] 2016-04-12 12:30:13,810 - com.easemob.server.comm.invoker.JerseyRestAPIInvoker -2916 [main] DEBUG com.easemob.server.comm.invoker.JerseyRestAPIInvoker  - ===========Response End===========
